<?xml version="1.0" encoding="UTF-8"?>
<!-- Generated by org.testng.reporters.JUnitReportReporter -->
<testsuite skipped="1" hostname="silverone1" name="Github.GitHubTrial.revisedSession5HW$AddNewAccount" tests="2" failures="0" timestamp="2020-02-25T22:39:47 CST" time="3.748" errors="1">
  <testcase name="addNewAccountForm" time="0.001" classname="Github.GitHubTrial.revisedSession5HW$AddNewAccount">
    <skipped/>
  </testcase> <!-- addNewAccountForm -->
  <testcase name="addNewAccount" time="3.747" classname="Github.GitHubTrial.revisedSession5HW$AddNewAccount">
    <error type="org.openqa.selenium.SessionNotCreatedException" message="session not created: This version of ChromeDriver only supports Chrome version 76
Build info: version: &#039;3.13.0&#039;, revision: &#039;2f0d292&#039;, time: &#039;2018-06-25T15:24:21.231Z&#039;
System info: host: &#039;SILVERONE1&#039;, ip: &#039;192.168.71.1&#039;, os.name: &#039;Windows 10&#039;, os.arch: &#039;amd64&#039;, os.version: &#039;10.0&#039;, java.version: &#039;1.8.0_231&#039;
Driver info: driver.version: ChromeDriver
remote stacktrace: Backtrace:
	Ordinal0 [0x00467B13+1473299]
	Ordinal0 [0x003EAC61+961633]
	Ordinal0 [0x003741A3+475555]
	Ordinal0 [0x0030F365+62309]
	Ordinal0 [0x0030BC77+48247]
	Ordinal0 [0x00328FD9+167897]
	Ordinal0 [0x00328BAD+166829]
	Ordinal0 [0x003272BB+160443]
	Ordinal0 [0x00310AE6+68326]
	Ordinal0 [0x00311A80+72320]
	Ordinal0 [0x00311A19+72217]
	Ordinal0 [0x00404A27+1067559]
	GetHandleVerifier [0x005066F5+506677]
	GetHandleVerifier [0x00506490+506064]
	GetHandleVerifier [0x0050D038+533624]
	GetHandleVerifier [0x00506ECA+508682]
	Ordinal0 [0x003FC116+1032470]
	Ordinal0 [0x003FBF8F+1032079]
	Ordinal0 [0x0040693B+1075515]
	Ordinal0 [0x00406AA3+1075875]
	Ordinal0 [0x00405A55+1071701]
	BaseThreadInitThunk [0x77086359+25]
	RtlGetAppContainerNamedObjectPath [0x77927B74+228]
	RtlGetAppContainerNamedObjectPath [0x77927B44+180]
">
      <![CDATA[org.openqa.selenium.SessionNotCreatedException: session not created: This version of ChromeDriver only supports Chrome version 76
Build info: version: '3.13.0', revision: '2f0d292', time: '2018-06-25T15:24:21.231Z'
System info: host: 'SILVERONE1', ip: '192.168.71.1', os.name: 'Windows 10', os.arch: 'amd64', os.version: '10.0', java.version: '1.8.0_231'
Driver info: driver.version: ChromeDriver
remote stacktrace: Backtrace:
Ordinal0 [0x00467B13+1473299]
Ordinal0 [0x003EAC61+961633]
Ordinal0 [0x003741A3+475555]
Ordinal0 [0x0030F365+62309]
Ordinal0 [0x0030BC77+48247]
Ordinal0 [0x00328FD9+167897]
Ordinal0 [0x00328BAD+166829]
Ordinal0 [0x003272BB+160443]
Ordinal0 [0x00310AE6+68326]
Ordinal0 [0x00311A80+72320]
Ordinal0 [0x00311A19+72217]
Ordinal0 [0x00404A27+1067559]
GetHandleVerifier [0x005066F5+506677]
GetHandleVerifier [0x00506490+506064]
GetHandleVerifier [0x0050D038+533624]
GetHandleVerifier [0x00506ECA+508682]
Ordinal0 [0x003FC116+1032470]
Ordinal0 [0x003FBF8F+1032079]
Ordinal0 [0x0040693B+1075515]
Ordinal0 [0x00406AA3+1075875]
Ordinal0 [0x00405A55+1071701]
BaseThreadInitThunk [0x77086359+25]
RtlGetAppContainerNamedObjectPath [0x77927B74+228]
RtlGetAppContainerNamedObjectPath [0x77927B44+180]

at sun.reflect.NativeConstructorAccessorImpl.newInstance0(Native Method)
at sun.reflect.NativeConstructorAccessorImpl.newInstance(NativeConstructorAccessorImpl.java:62)
at sun.reflect.DelegatingConstructorAccessorImpl.newInstance(DelegatingConstructorAccessorImpl.java:45)
at java.lang.reflect.Constructor.newInstance(Constructor.java:423)
at org.openqa.selenium.remote.W3CHandshakeResponse.lambda$new$0(W3CHandshakeResponse.java:57)
at org.openqa.selenium.remote.W3CHandshakeResponse.lambda$getResponseFunction$2(W3CHandshakeResponse.java:104)
at org.openqa.selenium.remote.ProtocolHandshake.lambda$createSession$0(ProtocolHandshake.java:123)
at java.util.stream.ReferencePipeline$3$1.accept(ReferencePipeline.java:193)
at java.util.Spliterators$ArraySpliterator.tryAdvance(Spliterators.java:958)
at java.util.stream.ReferencePipeline.forEachWithCancel(ReferencePipeline.java:126)
at java.util.stream.AbstractPipeline.copyIntoWithCancel(AbstractPipeline.java:499)
at java.util.stream.AbstractPipeline.copyInto(AbstractPipeline.java:486)
at java.util.stream.AbstractPipeline.wrapAndCopyInto(AbstractPipeline.java:472)
at java.util.stream.FindOps$FindOp.evaluateSequential(FindOps.java:152)
at java.util.stream.AbstractPipeline.evaluate(AbstractPipeline.java:234)
at java.util.stream.ReferencePipeline.findFirst(ReferencePipeline.java:464)
at org.openqa.selenium.remote.ProtocolHandshake.createSession(ProtocolHandshake.java:126)
at org.openqa.selenium.remote.ProtocolHandshake.createSession(ProtocolHandshake.java:73)
at org.openqa.selenium.remote.HttpCommandExecutor.execute(HttpCommandExecutor.java:136)
at org.openqa.selenium.remote.service.DriverCommandExecutor.execute(DriverCommandExecutor.java:83)
at org.openqa.selenium.remote.RemoteWebDriver.execute(RemoteWebDriver.java:548)
at org.openqa.selenium.remote.RemoteWebDriver.startSession(RemoteWebDriver.java:212)
at org.openqa.selenium.remote.RemoteWebDriver.<init>(RemoteWebDriver.java:130)
at org.openqa.selenium.chrome.ChromeDriver.<init>(ChromeDriver.java:181)
at org.openqa.selenium.chrome.ChromeDriver.<init>(ChromeDriver.java:168)
at org.openqa.selenium.chrome.ChromeDriver.<init>(ChromeDriver.java:123)
at Github.GitHubTrial.revisedSession5HW$AddNewAccount.addNewAccount(revisedSession5HW.java:28)
at sun.reflect.NativeMethodAccessorImpl.invoke0(Native Method)
at sun.reflect.NativeMethodAccessorImpl.invoke(NativeMethodAccessorImpl.java:62)
at sun.reflect.DelegatingMethodAccessorImpl.invoke(DelegatingMethodAccessorImpl.java:43)
at java.lang.reflect.Method.invoke(Method.java:498)
at org.testng.internal.MethodInvocationHelper.invokeMethod(MethodInvocationHelper.java:133)
at org.testng.internal.MethodInvocationHelper.invokeMethodConsideringTimeout(MethodInvocationHelper.java:62)
at org.testng.internal.ConfigInvoker.invokeConfigurationMethod(ConfigInvoker.java:340)
at org.testng.internal.ConfigInvoker.invokeConfigurations(ConfigInvoker.java:294)
at org.testng.internal.TestInvoker.runConfigMethods(TestInvoker.java:683)
at org.testng.internal.TestInvoker.invokeMethod(TestInvoker.java:510)
at org.testng.internal.TestInvoker.invokeTestMethod(TestInvoker.java:172)
at org.testng.internal.MethodRunner.runInSequence(MethodRunner.java:46)
at org.testng.internal.TestInvoker$MethodInvocationAgent.invoke(TestInvoker.java:804)
at org.testng.internal.TestInvoker.invokeTestMethods(TestInvoker.java:145)
at org.testng.internal.TestMethodWorker.invokeTestMethods(TestMethodWorker.java:146)
at org.testng.internal.TestMethodWorker.run(TestMethodWorker.java:128)
at java.util.ArrayList.forEach(ArrayList.java:1257)
at org.testng.TestRunner.privateRun(TestRunner.java:770)
at org.testng.TestRunner.run(TestRunner.java:591)
at org.testng.SuiteRunner.runTest(SuiteRunner.java:402)
at org.testng.SuiteRunner.runSequentially(SuiteRunner.java:396)
at org.testng.SuiteRunner.privateRun(SuiteRunner.java:355)
at org.testng.SuiteRunner.run(SuiteRunner.java:304)
at org.testng.SuiteRunnerWorker.runSuite(SuiteRunnerWorker.java:53)
at org.testng.SuiteRunnerWorker.run(SuiteRunnerWorker.java:96)
at org.testng.TestNG.runSuitesSequentially(TestNG.java:1180)
at org.testng.TestNG.runSuitesLocally(TestNG.java:1102)
at org.testng.TestNG.runSuites(TestNG.java:1032)
at org.testng.TestNG.run(TestNG.java:1000)
at org.testng.remote.AbstractRemoteTestNG.run(AbstractRemoteTestNG.java:115)
at org.testng.remote.RemoteTestNG.initAndRun(RemoteTestNG.java:251)
at org.testng.remote.RemoteTestNG.main(RemoteTestNG.java:77)
]]>
    </error>
  </testcase> <!-- addNewAccount -->
</testsuite> <!-- Github.GitHubTrial.revisedSession5HW$AddNewAccount -->
